{
 "cells": [
  {
   "cell_type": "markdown",
   "metadata": {},
   "source": [
    "# Update and Proximity"
   ]
  },
  {
   "cell_type": "code",
   "execution_count": 13,
   "metadata": {},
   "outputs": [],
   "source": [
    "from sqlalchemy import create_engine\n",
    "import geopandas as gpd\n",
    "import requests\n",
    "import shutil\n",
    "import folium\n",
    "import json\n",
    "from pathlib import Path"
   ]
  },
  {
   "cell_type": "code",
   "execution_count": 14,
   "metadata": {},
   "outputs": [],
   "source": [
    "engine_str = \"postgresql+psycopg2://docker:docker@0.0.0.0:25432/restaurants\"\n",
    "engine = create_engine(engine_str)"
   ]
  },
  {
   "cell_type": "code",
   "execution_count": 15,
   "metadata": {},
   "outputs": [
    {
     "data": {
      "text/plain": [
       "'Connected: docker@restaurants'"
      ]
     },
     "execution_count": 15,
     "metadata": {},
     "output_type": "execute_result"
    }
   ],
   "source": [
    "%load_ext sql\n",
    "%sql $engine.url"
   ]
  },
  {
   "cell_type": "markdown",
   "metadata": {},
   "source": [
    "We are using a new dataset, NYC subway stations retrieved from [NYC Open Data](https://data.cityofnewyork.us/Transportation/Subway-Stations/arq3-7z49)"
   ]
  },
  {
   "cell_type": "code",
   "execution_count": 3,
   "metadata": {},
   "outputs": [],
   "source": [
    "# nyc open data automatically generates the layer name\n",
    "layer = \"geo_export_4accb246-9c7e-4ce4-92bd-300470ade60a\""
   ]
  },
  {
   "cell_type": "markdown",
   "metadata": {},
   "source": [
    "The `ogr2ogr` command failed with this error:\n",
    "\n",
    "```\n",
    "ERROR:  numeric field overflow\n",
    "```\n",
    "\n",
    "As a workaround, we'll use the layer creation option `precision=NO` to use float type instead of numeric type which has a fixed precision. "
   ]
  },
  {
   "cell_type": "code",
   "execution_count": 32,
   "metadata": {
    "vscode": {
     "languageId": "sql"
    }
   },
   "outputs": [],
   "source": [
    "%%bash -s \"$layer\"\n",
    "unzip -o \"../data/Subway Stations.zip\" -d \"../data/Subway Stations\" > /dev/null\n",
    "\n",
    "ogr2ogr -f \"PostgreSQL\" \\\n",
    " PG:\"host='0.0.0.0' port='25432' user='docker' password='docker' dbname='restaurants'\" \"../data/Subway Stations\" $1 \\\n",
    " -nlt PROMOTE_TO_MULTI \\\n",
    " -nln \"nyc_subway_stations\" \\\n",
    " -lco GEOMETRY_NAME=geom \\\n",
    " -lco precision=NO \\\n",
    " -a_srs EPSG:4326 \\\n",
    " -overwrite "
   ]
  },
  {
   "cell_type": "markdown",
   "metadata": {},
   "source": [
    "Confirm presence of spatial index"
   ]
  },
  {
   "cell_type": "code",
   "execution_count": 84,
   "metadata": {
    "vscode": {
     "languageId": "sql"
    }
   },
   "outputs": [
    {
     "name": "stdout",
     "output_type": "stream",
     "text": [
      " * postgresql+psycopg2://docker:***@0.0.0.0:25432/restaurants\n",
      "2 rows affected.\n"
     ]
    },
    {
     "data": {
      "text/html": [
       "<table>\n",
       "    <thead>\n",
       "        <tr>\n",
       "            <th>tablename</th>\n",
       "            <th>indexname</th>\n",
       "            <th>indexdef</th>\n",
       "        </tr>\n",
       "    </thead>\n",
       "    <tbody>\n",
       "        <tr>\n",
       "            <td>nyc_subway_stations</td>\n",
       "            <td>nyc_subway_stations_pkey</td>\n",
       "            <td>CREATE UNIQUE INDEX nyc_subway_stations_pkey ON public.nyc_subway_stations USING btree (ogc_fid)</td>\n",
       "        </tr>\n",
       "        <tr>\n",
       "            <td>nyc_subway_stations</td>\n",
       "            <td>nyc_subway_stations_geom_geom_idx</td>\n",
       "            <td>CREATE INDEX nyc_subway_stations_geom_geom_idx ON public.nyc_subway_stations USING gist (geom)</td>\n",
       "        </tr>\n",
       "    </tbody>\n",
       "</table>"
      ],
      "text/plain": [
       "[('nyc_subway_stations', 'nyc_subway_stations_pkey', 'CREATE UNIQUE INDEX nyc_subway_stations_pkey ON public.nyc_subway_stations USING btree (ogc_fid)'),\n",
       " ('nyc_subway_stations', 'nyc_subway_stations_geom_geom_idx', 'CREATE INDEX nyc_subway_stations_geom_geom_idx ON public.nyc_subway_stations USING gist (geom)')]"
      ]
     },
     "execution_count": 84,
     "metadata": {},
     "output_type": "execute_result"
    }
   ],
   "source": [
    "%%sql\n",
    "SELECT tablename, indexname, indexdef FROM pg_indexes WHERE tablename = 'nyc_subway_stations';"
   ]
  },
  {
   "cell_type": "markdown",
   "metadata": {},
   "source": [
    "### Replace exceptional values with Spatial Average\n",
    "In the mappluto dataset, there are soe properties with extremely low `assesstot` values. Lets update these to the average value of properties within 800 meters. The geometry of the mappluto table is in `EPSG:2263`, a projection in feet. 800 meters would be 2624.67 feet.  "
   ]
  },
  {
   "cell_type": "code",
   "execution_count": 56,
   "metadata": {
    "vscode": {
     "languageId": "sql"
    }
   },
   "outputs": [
    {
     "name": "stdout",
     "output_type": "stream",
     "text": [
      " * postgresql+psycopg2://docker:***@0.0.0.0:25432/restaurants\n",
      "5 rows affected.\n"
     ]
    },
    {
     "data": {
      "text/html": [
       "<table>\n",
       "    <thead>\n",
       "        <tr>\n",
       "            <th>assesstot</th>\n",
       "        </tr>\n",
       "    </thead>\n",
       "    <tbody>\n",
       "        <tr>\n",
       "            <td>None</td>\n",
       "        </tr>\n",
       "        <tr>\n",
       "            <td>None</td>\n",
       "        </tr>\n",
       "        <tr>\n",
       "            <td>None</td>\n",
       "        </tr>\n",
       "        <tr>\n",
       "            <td>0.0</td>\n",
       "        </tr>\n",
       "        <tr>\n",
       "            <td>None</td>\n",
       "        </tr>\n",
       "    </tbody>\n",
       "</table>"
      ],
      "text/plain": [
       "[(None,), (None,), (None,), (0.0,), (None,)]"
      ]
     },
     "execution_count": 56,
     "metadata": {},
     "output_type": "execute_result"
    }
   ],
   "source": [
    "%%sql\n",
    "SELECT assesstot FROM mappluto_queens\n",
    "WHERE assesstot < 1000 OR assesstot is NULL\n",
    "LIMIT 5;"
   ]
  },
  {
   "cell_type": "code",
   "execution_count": 72,
   "metadata": {
    "vscode": {
     "languageId": "sql"
    }
   },
   "outputs": [
    {
     "name": "stdout",
     "output_type": "stream",
     "text": [
      " * postgresql+psycopg2://docker:***@0.0.0.0:25432/restaurants\n",
      "25 rows affected.\n"
     ]
    },
    {
     "data": {
      "text/html": [
       "<table>\n",
       "    <thead>\n",
       "        <tr>\n",
       "            <th>QUERY PLAN</th>\n",
       "        </tr>\n",
       "    </thead>\n",
       "    <tbody>\n",
       "        <tr>\n",
       "            <td>Update on mappluto_queens mpq  (cost=1833107.77..1845911.81 rows=0 width=0) (actual time=372.375..372.378 rows=0 loops=1)</td>\n",
       "        </tr>\n",
       "        <tr>\n",
       "            <td>&nbsp;&nbsp;-&gt;  Hash Join  (cost=1833107.77..1845911.81 rows=13 width=50) (actual time=332.585..354.343 rows=1 loops=1)</td>\n",
       "        </tr>\n",
       "        <tr>\n",
       "            <td>&nbsp;&nbsp;&nbsp;&nbsp;&nbsp;&nbsp;&nbsp;&nbsp;Hash Cond: (mpq.objectid = mpq_fill.objectid)</td>\n",
       "        </tr>\n",
       "        <tr>\n",
       "            <td>&nbsp;&nbsp;&nbsp;&nbsp;&nbsp;&nbsp;&nbsp;&nbsp;-&gt;  Seq Scan on mappluto_queens mpq  (cost=0.00..12798.50 rows=2113 width=10) (actual time=304.566..326.320 rows=1 loops=1)</td>\n",
       "        </tr>\n",
       "        <tr>\n",
       "            <td>&nbsp;&nbsp;&nbsp;&nbsp;&nbsp;&nbsp;&nbsp;&nbsp;&nbsp;&nbsp;&nbsp;&nbsp;&nbsp;&nbsp;Filter: ((assesstot IS NULL) OR (assesstot &lt; &#x27;1000&#x27;::double precision))</td>\n",
       "        </tr>\n",
       "        <tr>\n",
       "            <td>&nbsp;&nbsp;&nbsp;&nbsp;&nbsp;&nbsp;&nbsp;&nbsp;&nbsp;&nbsp;&nbsp;&nbsp;&nbsp;&nbsp;Rows Removed by Filter: 324247</td>\n",
       "        </tr>\n",
       "        <tr>\n",
       "            <td>&nbsp;&nbsp;&nbsp;&nbsp;&nbsp;&nbsp;&nbsp;&nbsp;-&gt;  Hash  (cost=1833081.35..1833081.35 rows=2113 width=48) (actual time=27.958..27.960 rows=1 loops=1)</td>\n",
       "        </tr>\n",
       "        <tr>\n",
       "            <td>&nbsp;&nbsp;&nbsp;&nbsp;&nbsp;&nbsp;&nbsp;&nbsp;&nbsp;&nbsp;&nbsp;&nbsp;&nbsp;&nbsp;Buckets: 4096  Batches: 1  Memory Usage: 33kB</td>\n",
       "        </tr>\n",
       "        <tr>\n",
       "            <td>&nbsp;&nbsp;&nbsp;&nbsp;&nbsp;&nbsp;&nbsp;&nbsp;&nbsp;&nbsp;&nbsp;&nbsp;&nbsp;&nbsp;-&gt;  Subquery Scan on mpq_fill  (cost=1833033.81..1833081.35 rows=2113 width=48) (actual time=27.951..27.954 rows=1 loops=1)</td>\n",
       "        </tr>\n",
       "        <tr>\n",
       "            <td>&nbsp;&nbsp;&nbsp;&nbsp;&nbsp;&nbsp;&nbsp;&nbsp;&nbsp;&nbsp;&nbsp;&nbsp;&nbsp;&nbsp;&nbsp;&nbsp;&nbsp;&nbsp;&nbsp;&nbsp;-&gt;  HashAggregate  (cost=1833033.81..1833060.22 rows=2113 width=12) (actual time=27.945..27.948 rows=1 loops=1)</td>\n",
       "        </tr>\n",
       "        <tr>\n",
       "            <td>&nbsp;&nbsp;&nbsp;&nbsp;&nbsp;&nbsp;&nbsp;&nbsp;&nbsp;&nbsp;&nbsp;&nbsp;&nbsp;&nbsp;&nbsp;&nbsp;&nbsp;&nbsp;&nbsp;&nbsp;&nbsp;&nbsp;&nbsp;&nbsp;&nbsp;&nbsp;Group Key: mpq_1.objectid</td>\n",
       "        </tr>\n",
       "        <tr>\n",
       "            <td>&nbsp;&nbsp;&nbsp;&nbsp;&nbsp;&nbsp;&nbsp;&nbsp;&nbsp;&nbsp;&nbsp;&nbsp;&nbsp;&nbsp;&nbsp;&nbsp;&nbsp;&nbsp;&nbsp;&nbsp;&nbsp;&nbsp;&nbsp;&nbsp;&nbsp;&nbsp;Batches: 1  Memory Usage: 121kB</td>\n",
       "        </tr>\n",
       "        <tr>\n",
       "            <td>&nbsp;&nbsp;&nbsp;&nbsp;&nbsp;&nbsp;&nbsp;&nbsp;&nbsp;&nbsp;&nbsp;&nbsp;&nbsp;&nbsp;&nbsp;&nbsp;&nbsp;&nbsp;&nbsp;&nbsp;&nbsp;&nbsp;&nbsp;&nbsp;&nbsp;&nbsp;-&gt;  Nested Loop  (cost=0.41..1831651.20 rows=276522 width=12) (actual time=0.067..27.893 rows=1 loops=1)</td>\n",
       "        </tr>\n",
       "        <tr>\n",
       "            <td>&nbsp;&nbsp;&nbsp;&nbsp;&nbsp;&nbsp;&nbsp;&nbsp;&nbsp;&nbsp;&nbsp;&nbsp;&nbsp;&nbsp;&nbsp;&nbsp;&nbsp;&nbsp;&nbsp;&nbsp;&nbsp;&nbsp;&nbsp;&nbsp;&nbsp;&nbsp;&nbsp;&nbsp;&nbsp;&nbsp;&nbsp;&nbsp;-&gt;  Seq Scan on mappluto_queens mpq_1  (cost=0.00..12798.50 rows=2113 width=153) (actual time=0.012..27.836 rows=1 loops=1)</td>\n",
       "        </tr>\n",
       "        <tr>\n",
       "            <td>&nbsp;&nbsp;&nbsp;&nbsp;&nbsp;&nbsp;&nbsp;&nbsp;&nbsp;&nbsp;&nbsp;&nbsp;&nbsp;&nbsp;&nbsp;&nbsp;&nbsp;&nbsp;&nbsp;&nbsp;&nbsp;&nbsp;&nbsp;&nbsp;&nbsp;&nbsp;&nbsp;&nbsp;&nbsp;&nbsp;&nbsp;&nbsp;&nbsp;&nbsp;&nbsp;&nbsp;&nbsp;&nbsp;Filter: ((assesstot IS NULL) OR (assesstot &lt; &#x27;1000&#x27;::double precision))</td>\n",
       "        </tr>\n",
       "        <tr>\n",
       "            <td>&nbsp;&nbsp;&nbsp;&nbsp;&nbsp;&nbsp;&nbsp;&nbsp;&nbsp;&nbsp;&nbsp;&nbsp;&nbsp;&nbsp;&nbsp;&nbsp;&nbsp;&nbsp;&nbsp;&nbsp;&nbsp;&nbsp;&nbsp;&nbsp;&nbsp;&nbsp;&nbsp;&nbsp;&nbsp;&nbsp;&nbsp;&nbsp;&nbsp;&nbsp;&nbsp;&nbsp;&nbsp;&nbsp;Rows Removed by Filter: 324247</td>\n",
       "        </tr>\n",
       "        <tr>\n",
       "            <td>&nbsp;&nbsp;&nbsp;&nbsp;&nbsp;&nbsp;&nbsp;&nbsp;&nbsp;&nbsp;&nbsp;&nbsp;&nbsp;&nbsp;&nbsp;&nbsp;&nbsp;&nbsp;&nbsp;&nbsp;&nbsp;&nbsp;&nbsp;&nbsp;&nbsp;&nbsp;&nbsp;&nbsp;&nbsp;&nbsp;&nbsp;&nbsp;-&gt;  Index Scan using mappluto_queens_geom_idx on mappluto_queens mpqb  (cost=0.41..860.45 rows=34 width=157) (actual time=0.043..0.044 rows=1 loops=1)</td>\n",
       "        </tr>\n",
       "        <tr>\n",
       "            <td>&nbsp;&nbsp;&nbsp;&nbsp;&nbsp;&nbsp;&nbsp;&nbsp;&nbsp;&nbsp;&nbsp;&nbsp;&nbsp;&nbsp;&nbsp;&nbsp;&nbsp;&nbsp;&nbsp;&nbsp;&nbsp;&nbsp;&nbsp;&nbsp;&nbsp;&nbsp;&nbsp;&nbsp;&nbsp;&nbsp;&nbsp;&nbsp;&nbsp;&nbsp;&nbsp;&nbsp;&nbsp;&nbsp;Index Cond: (geom &amp;&amp; st_expand(mpq_1.geom, &#x27;2624.67&#x27;::double precision))</td>\n",
       "        </tr>\n",
       "        <tr>\n",
       "            <td>&nbsp;&nbsp;&nbsp;&nbsp;&nbsp;&nbsp;&nbsp;&nbsp;&nbsp;&nbsp;&nbsp;&nbsp;&nbsp;&nbsp;&nbsp;&nbsp;&nbsp;&nbsp;&nbsp;&nbsp;&nbsp;&nbsp;&nbsp;&nbsp;&nbsp;&nbsp;&nbsp;&nbsp;&nbsp;&nbsp;&nbsp;&nbsp;&nbsp;&nbsp;&nbsp;&nbsp;&nbsp;&nbsp;Filter: st_dwithin(mpq_1.geom, geom, &#x27;2624.67&#x27;::double precision)</td>\n",
       "        </tr>\n",
       "        <tr>\n",
       "            <td>Planning Time: 1.177 ms</td>\n",
       "        </tr>\n",
       "        <tr>\n",
       "            <td>JIT:</td>\n",
       "        </tr>\n",
       "        <tr>\n",
       "            <td>&nbsp;&nbsp;Functions: 27</td>\n",
       "        </tr>\n",
       "        <tr>\n",
       "            <td>&nbsp;&nbsp;Options: Inlining true, Optimization true, Expressions true, Deforming true</td>\n",
       "        </tr>\n",
       "        <tr>\n",
       "            <td>&nbsp;&nbsp;Timing: Generation 2.617 ms, Inlining 21.731 ms, Optimization 188.592 ms, Emission 106.332 ms, Total 319.272 ms</td>\n",
       "        </tr>\n",
       "        <tr>\n",
       "            <td>Execution Time: 374.900 ms</td>\n",
       "        </tr>\n",
       "    </tbody>\n",
       "</table>"
      ],
      "text/plain": [
       "[('Update on mappluto_queens mpq  (cost=1833107.77..1845911.81 rows=0 width=0) (actual time=372.375..372.378 rows=0 loops=1)',),\n",
       " ('  ->  Hash Join  (cost=1833107.77..1845911.81 rows=13 width=50) (actual time=332.585..354.343 rows=1 loops=1)',),\n",
       " ('        Hash Cond: (mpq.objectid = mpq_fill.objectid)',),\n",
       " ('        ->  Seq Scan on mappluto_queens mpq  (cost=0.00..12798.50 rows=2113 width=10) (actual time=304.566..326.320 rows=1 loops=1)',),\n",
       " (\"              Filter: ((assesstot IS NULL) OR (assesstot < '1000'::double precision))\",),\n",
       " ('              Rows Removed by Filter: 324247',),\n",
       " ('        ->  Hash  (cost=1833081.35..1833081.35 rows=2113 width=48) (actual time=27.958..27.960 rows=1 loops=1)',),\n",
       " ('              Buckets: 4096  Batches: 1  Memory Usage: 33kB',),\n",
       " ('              ->  Subquery Scan on mpq_fill  (cost=1833033.81..1833081.35 rows=2113 width=48) (actual time=27.951..27.954 rows=1 loops=1)',),\n",
       " ('                    ->  HashAggregate  (cost=1833033.81..1833060.22 rows=2113 width=12) (actual time=27.945..27.948 rows=1 loops=1)',),\n",
       " ('                          Group Key: mpq_1.objectid',),\n",
       " ('                          Batches: 1  Memory Usage: 121kB',),\n",
       " ('                          ->  Nested Loop  (cost=0.41..1831651.20 rows=276522 width=12) (actual time=0.067..27.893 rows=1 loops=1)',),\n",
       " ('                                ->  Seq Scan on mappluto_queens mpq_1  (cost=0.00..12798.50 rows=2113 width=153) (actual time=0.012..27.836 rows=1 loops=1)',),\n",
       " (\"                                      Filter: ((assesstot IS NULL) OR (assesstot < '1000'::double precision))\",),\n",
       " ('                                      Rows Removed by Filter: 324247',),\n",
       " ('                                ->  Index Scan using mappluto_queens_geom_idx on mappluto_queens mpqb  (cost=0.41..860.45 rows=34 width=157) (actual time=0.043..0.044 rows=1 loops=1)',),\n",
       " (\"                                      Index Cond: (geom && st_expand(mpq_1.geom, '2624.67'::double precision))\",),\n",
       " (\"                                      Filter: st_dwithin(mpq_1.geom, geom, '2624.67'::double precision)\",),\n",
       " ('Planning Time: 1.177 ms',),\n",
       " ('JIT:',),\n",
       " ('  Functions: 27',),\n",
       " ('  Options: Inlining true, Optimization true, Expressions true, Deforming true',),\n",
       " ('  Timing: Generation 2.617 ms, Inlining 21.731 ms, Optimization 188.592 ms, Emission 106.332 ms, Total 319.272 ms',),\n",
       " ('Execution Time: 374.900 ms',)]"
      ]
     },
     "execution_count": 72,
     "metadata": {},
     "output_type": "execute_result"
    }
   ],
   "source": [
    "%%sql \n",
    "EXPLAIN ANALYZE\n",
    "WITH mpq_fill AS\n",
    "(\n",
    "    SELECT mpq.objectid as objectid, AVG(mpqb.assesstot) as avg_assesstot\n",
    "    FROM mappluto_queens as mpq\n",
    "    JOIN mappluto_queens as mpqb\n",
    "    ON ST_DWithin(mpq.geom, mpqb.geom, 2624.67)\n",
    "    WHERE mpq.assesstot IS NULL OR mpq.assesstot < 1000\n",
    "    GROUP BY mpq.objectid\n",
    ")\n",
    "UPDATE mappluto_queens mpq\n",
    "SET assesstot = mpq_fill.avg_assesstot\n",
    "FROM mpq_fill\n",
    "WHERE (mpq.assesstot IS NULL or mpq.assesstot < 1000) AND mpq.objectid = mpq_fill.objectid;"
   ]
  },
  {
   "cell_type": "markdown",
   "metadata": {},
   "source": [
    "After filling, there is only one Null record. I suspect this record didn't have any nearby neighbors within 800 meters. "
   ]
  },
  {
   "cell_type": "code",
   "execution_count": 71,
   "metadata": {
    "vscode": {
     "languageId": "sql"
    }
   },
   "outputs": [
    {
     "name": "stdout",
     "output_type": "stream",
     "text": [
      " * postgresql+psycopg2://docker:***@0.0.0.0:25432/restaurants\n",
      "1 rows affected.\n"
     ]
    },
    {
     "data": {
      "text/html": [
       "<table>\n",
       "    <thead>\n",
       "        <tr>\n",
       "            <th>objectid</th>\n",
       "            <th>assesstot</th>\n",
       "        </tr>\n",
       "    </thead>\n",
       "    <tbody>\n",
       "        <tr>\n",
       "            <td>485288</td>\n",
       "            <td>None</td>\n",
       "        </tr>\n",
       "    </tbody>\n",
       "</table>"
      ],
      "text/plain": [
       "[(485288, None)]"
      ]
     },
     "execution_count": 71,
     "metadata": {},
     "output_type": "execute_result"
    }
   ],
   "source": [
    "%sql SELECT objectid, assesstot FROM mappluto_queens WHERE assesstot is NULL;"
   ]
  },
  {
   "cell_type": "markdown",
   "metadata": {},
   "source": [
    "### Spatial Proximity\n",
    "\n",
    "Five closest fast food restaurants to each subway station entrance including restaurant names & distances to the station. \n",
    "\n",
    "Using the `<->` operator lets us compare relative distance without doing full ST_Distance calculation. "
   ]
  },
  {
   "cell_type": "code",
   "execution_count": 86,
   "metadata": {
    "vscode": {
     "languageId": "sql"
    }
   },
   "outputs": [
    {
     "name": "stdout",
     "output_type": "stream",
     "text": [
      " * postgresql+psycopg2://docker:***@0.0.0.0:25432/restaurants\n",
      "25 rows affected.\n"
     ]
    },
    {
     "data": {
      "text/html": [
       "<table>\n",
       "    <thead>\n",
       "        <tr>\n",
       "            <th>sb_id</th>\n",
       "            <th>sb_name</th>\n",
       "            <th>rt_id</th>\n",
       "            <th>rt_name</th>\n",
       "            <th>distance_m</th>\n",
       "        </tr>\n",
       "    </thead>\n",
       "    <tbody>\n",
       "        <tr>\n",
       "            <td>1</td>\n",
       "            <td>Astor Pl</td>\n",
       "            <td>23591</td>\n",
       "            <td>MCD</td>\n",
       "            <td>206.19760499</td>\n",
       "        </tr>\n",
       "        <tr>\n",
       "            <td>1</td>\n",
       "            <td>Astor Pl</td>\n",
       "            <td>42707</td>\n",
       "            <td>TCB</td>\n",
       "            <td>213.52621397</td>\n",
       "        </tr>\n",
       "        <tr>\n",
       "            <td>1</td>\n",
       "            <td>Astor Pl</td>\n",
       "            <td>29384</td>\n",
       "            <td>MCD</td>\n",
       "            <td>229.74810986</td>\n",
       "        </tr>\n",
       "        <tr>\n",
       "            <td>1</td>\n",
       "            <td>Astor Pl</td>\n",
       "            <td>41069</td>\n",
       "            <td>TCB</td>\n",
       "            <td>580.74329365</td>\n",
       "        </tr>\n",
       "        <tr>\n",
       "            <td>1</td>\n",
       "            <td>Astor Pl</td>\n",
       "            <td>14730</td>\n",
       "            <td>KFC</td>\n",
       "            <td>505.68644509</td>\n",
       "        </tr>\n",
       "        <tr>\n",
       "            <td>2</td>\n",
       "            <td>Canal St</td>\n",
       "            <td>20117</td>\n",
       "            <td>MCD</td>\n",
       "            <td>79.73184965</td>\n",
       "        </tr>\n",
       "        <tr>\n",
       "            <td>2</td>\n",
       "            <td>Canal St</td>\n",
       "            <td>6849</td>\n",
       "            <td>BKG</td>\n",
       "            <td>111.40386844</td>\n",
       "        </tr>\n",
       "        <tr>\n",
       "            <td>2</td>\n",
       "            <td>Canal St</td>\n",
       "            <td>20185</td>\n",
       "            <td>MCD</td>\n",
       "            <td>505.98773468</td>\n",
       "        </tr>\n",
       "        <tr>\n",
       "            <td>2</td>\n",
       "            <td>Canal St</td>\n",
       "            <td>30144</td>\n",
       "            <td>MCD</td>\n",
       "            <td>552.49421209</td>\n",
       "        </tr>\n",
       "        <tr>\n",
       "            <td>2</td>\n",
       "            <td>Canal St</td>\n",
       "            <td>49448</td>\n",
       "            <td>WDY</td>\n",
       "            <td>942.42202175</td>\n",
       "        </tr>\n",
       "        <tr>\n",
       "            <td>3</td>\n",
       "            <td>50th St</td>\n",
       "            <td>27258</td>\n",
       "            <td>MCD</td>\n",
       "            <td>64.54123125</td>\n",
       "        </tr>\n",
       "        <tr>\n",
       "            <td>3</td>\n",
       "            <td>50th St</td>\n",
       "            <td>32049</td>\n",
       "            <td>PZH</td>\n",
       "            <td>102.45757122</td>\n",
       "        </tr>\n",
       "        <tr>\n",
       "            <td>3</td>\n",
       "            <td>50th St</td>\n",
       "            <td>17142</td>\n",
       "            <td>KFC</td>\n",
       "            <td>294.09186438</td>\n",
       "        </tr>\n",
       "        <tr>\n",
       "            <td>3</td>\n",
       "            <td>50th St</td>\n",
       "            <td>27004</td>\n",
       "            <td>MCD</td>\n",
       "            <td>332.99879571</td>\n",
       "        </tr>\n",
       "        <tr>\n",
       "            <td>3</td>\n",
       "            <td>50th St</td>\n",
       "            <td>5633</td>\n",
       "            <td>BKG</td>\n",
       "            <td>342.19997196</td>\n",
       "        </tr>\n",
       "        <tr>\n",
       "            <td>4</td>\n",
       "            <td>Bergen St</td>\n",
       "            <td>23154</td>\n",
       "            <td>MCD</td>\n",
       "            <td>376.33172222</td>\n",
       "        </tr>\n",
       "        <tr>\n",
       "            <td>4</td>\n",
       "            <td>Bergen St</td>\n",
       "            <td>17481</td>\n",
       "            <td>KFC</td>\n",
       "            <td>474.2291273</td>\n",
       "        </tr>\n",
       "        <tr>\n",
       "            <td>4</td>\n",
       "            <td>Bergen St</td>\n",
       "            <td>21267</td>\n",
       "            <td>MCD</td>\n",
       "            <td>663.01884652</td>\n",
       "        </tr>\n",
       "        <tr>\n",
       "            <td>4</td>\n",
       "            <td>Bergen St</td>\n",
       "            <td>16381</td>\n",
       "            <td>KFC</td>\n",
       "            <td>1039.44588622</td>\n",
       "        </tr>\n",
       "        <tr>\n",
       "            <td>4</td>\n",
       "            <td>Bergen St</td>\n",
       "            <td>29481</td>\n",
       "            <td>MCD</td>\n",
       "            <td>999.77875689</td>\n",
       "        </tr>\n",
       "        <tr>\n",
       "            <td>5</td>\n",
       "            <td>Pennsylvania Ave</td>\n",
       "            <td>48290</td>\n",
       "            <td>WDY</td>\n",
       "            <td>785.26024524</td>\n",
       "        </tr>\n",
       "        <tr>\n",
       "            <td>5</td>\n",
       "            <td>Pennsylvania Ave</td>\n",
       "            <td>6025</td>\n",
       "            <td>BKG</td>\n",
       "            <td>801.2780765</td>\n",
       "        </tr>\n",
       "        <tr>\n",
       "            <td>5</td>\n",
       "            <td>Pennsylvania Ave</td>\n",
       "            <td>21128</td>\n",
       "            <td>MCD</td>\n",
       "            <td>893.86681411</td>\n",
       "        </tr>\n",
       "        <tr>\n",
       "            <td>5</td>\n",
       "            <td>Pennsylvania Ave</td>\n",
       "            <td>29534</td>\n",
       "            <td>MCD</td>\n",
       "            <td>1332.11924339</td>\n",
       "        </tr>\n",
       "        <tr>\n",
       "            <td>5</td>\n",
       "            <td>Pennsylvania Ave</td>\n",
       "            <td>26769</td>\n",
       "            <td>MCD</td>\n",
       "            <td>1453.20160444</td>\n",
       "        </tr>\n",
       "    </tbody>\n",
       "</table>"
      ],
      "text/plain": [
       "[(1, 'Astor Pl', 23591, 'MCD', 206.19760499),\n",
       " (1, 'Astor Pl', 42707, 'TCB', 213.52621397),\n",
       " (1, 'Astor Pl', 29384, 'MCD', 229.74810986),\n",
       " (1, 'Astor Pl', 41069, 'TCB', 580.74329365),\n",
       " (1, 'Astor Pl', 14730, 'KFC', 505.68644509),\n",
       " (2, 'Canal St', 20117, 'MCD', 79.73184965),\n",
       " (2, 'Canal St', 6849, 'BKG', 111.40386844),\n",
       " (2, 'Canal St', 20185, 'MCD', 505.98773468),\n",
       " (2, 'Canal St', 30144, 'MCD', 552.49421209),\n",
       " (2, 'Canal St', 49448, 'WDY', 942.42202175),\n",
       " (3, '50th St', 27258, 'MCD', 64.54123125),\n",
       " (3, '50th St', 32049, 'PZH', 102.45757122),\n",
       " (3, '50th St', 17142, 'KFC', 294.09186438),\n",
       " (3, '50th St', 27004, 'MCD', 332.99879571),\n",
       " (3, '50th St', 5633, 'BKG', 342.19997196),\n",
       " (4, 'Bergen St', 23154, 'MCD', 376.33172222),\n",
       " (4, 'Bergen St', 17481, 'KFC', 474.2291273),\n",
       " (4, 'Bergen St', 21267, 'MCD', 663.01884652),\n",
       " (4, 'Bergen St', 16381, 'KFC', 1039.44588622),\n",
       " (4, 'Bergen St', 29481, 'MCD', 999.77875689),\n",
       " (5, 'Pennsylvania Ave', 48290, 'WDY', 785.26024524),\n",
       " (5, 'Pennsylvania Ave', 6025, 'BKG', 801.2780765),\n",
       " (5, 'Pennsylvania Ave', 21128, 'MCD', 893.86681411),\n",
       " (5, 'Pennsylvania Ave', 29534, 'MCD', 1332.11924339),\n",
       " (5, 'Pennsylvania Ave', 26769, 'MCD', 1453.20160444)]"
      ]
     },
     "execution_count": 86,
     "metadata": {},
     "output_type": "execute_result"
    }
   ],
   "source": [
    "%%sql \n",
    "SELECT \n",
    "sb.ogc_fid as sb_id,\n",
    "sb.name as sb_name,\n",
    "rt.id as rt_id,\n",
    "rt.name as rt_name,\n",
    "ST_Distance(geography(sb.geom), geography(rt.geom)) distance_m\n",
    "FROM nyc_subway_stations sb\n",
    "CROSS JOIN LATERAL\n",
    "(\n",
    "    SELECT \n",
    "        id,\n",
    "        name,\n",
    "        geom\n",
    "    FROM restaurants\n",
    "    ORDER BY sb.geom <-> geom\n",
    "    LIMIT 5\n",
    ") as rt\n",
    "LIMIT 25;\n"
   ]
  },
  {
   "cell_type": "markdown",
   "metadata": {},
   "source": [
    "Testing performance of query"
   ]
  },
  {
   "cell_type": "code",
   "execution_count": 87,
   "metadata": {
    "vscode": {
     "languageId": "sql"
    }
   },
   "outputs": [
    {
     "name": "stdout",
     "output_type": "stream",
     "text": [
      " * postgresql+psycopg2://docker:***@0.0.0.0:25432/restaurants\n",
      "13 rows affected.\n"
     ]
    },
    {
     "data": {
      "text/html": [
       "<table>\n",
       "    <thead>\n",
       "        <tr>\n",
       "            <th>QUERY PLAN</th>\n",
       "        </tr>\n",
       "    </thead>\n",
       "    <tbody>\n",
       "        <tr>\n",
       "            <td>Nested Loop  (cost=65238.04..30916807.44 rows=2365 width=34) (actual time=159.702..15683.617 rows=2365 loops=1)</td>\n",
       "        </tr>\n",
       "        <tr>\n",
       "            <td>&nbsp;&nbsp;-&gt;  Seq Scan on nyc_subway_stations sb  (cost=0.00..26.73 rows=473 width=58) (actual time=0.014..0.328 rows=473 loops=1)</td>\n",
       "        </tr>\n",
       "        <tr>\n",
       "            <td>&nbsp;&nbsp;-&gt;  Limit  (cost=65238.04..65238.05 rows=5 width=48) (actual time=32.862..32.863 rows=5 loops=473)</td>\n",
       "        </tr>\n",
       "        <tr>\n",
       "            <td>&nbsp;&nbsp;&nbsp;&nbsp;&nbsp;&nbsp;&nbsp;&nbsp;-&gt;  Sort  (cost=65238.04..65363.04 rows=50002 width=48) (actual time=32.859..32.860 rows=5 loops=473)</td>\n",
       "        </tr>\n",
       "        <tr>\n",
       "            <td>&nbsp;&nbsp;&nbsp;&nbsp;&nbsp;&nbsp;&nbsp;&nbsp;&nbsp;&nbsp;&nbsp;&nbsp;&nbsp;&nbsp;Sort Key: ((sb.geom &lt;-&gt; restaurants.geom))</td>\n",
       "        </tr>\n",
       "        <tr>\n",
       "            <td>&nbsp;&nbsp;&nbsp;&nbsp;&nbsp;&nbsp;&nbsp;&nbsp;&nbsp;&nbsp;&nbsp;&nbsp;&nbsp;&nbsp;Sort Method: top-N heapsort  Memory: 25kB</td>\n",
       "        </tr>\n",
       "        <tr>\n",
       "            <td>&nbsp;&nbsp;&nbsp;&nbsp;&nbsp;&nbsp;&nbsp;&nbsp;&nbsp;&nbsp;&nbsp;&nbsp;&nbsp;&nbsp;-&gt;  Seq Scan on restaurants  (cost=0.00..64407.52 rows=50002 width=48) (actual time=0.104..24.209 rows=50002 loops=473)</td>\n",
       "        </tr>\n",
       "        <tr>\n",
       "            <td>Planning Time: 0.099 ms</td>\n",
       "        </tr>\n",
       "        <tr>\n",
       "            <td>JIT:</td>\n",
       "        </tr>\n",
       "        <tr>\n",
       "            <td>&nbsp;&nbsp;Functions: 6</td>\n",
       "        </tr>\n",
       "        <tr>\n",
       "            <td>&nbsp;&nbsp;Options: Inlining true, Optimization true, Expressions true, Deforming true</td>\n",
       "        </tr>\n",
       "        <tr>\n",
       "            <td>&nbsp;&nbsp;Timing: Generation 0.772 ms, Inlining 14.379 ms, Optimization 71.692 ms, Emission 40.055 ms, Total 126.898 ms</td>\n",
       "        </tr>\n",
       "        <tr>\n",
       "            <td>Execution Time: 15684.801 ms</td>\n",
       "        </tr>\n",
       "    </tbody>\n",
       "</table>"
      ],
      "text/plain": [
       "[('Nested Loop  (cost=65238.04..30916807.44 rows=2365 width=34) (actual time=159.702..15683.617 rows=2365 loops=1)',),\n",
       " ('  ->  Seq Scan on nyc_subway_stations sb  (cost=0.00..26.73 rows=473 width=58) (actual time=0.014..0.328 rows=473 loops=1)',),\n",
       " ('  ->  Limit  (cost=65238.04..65238.05 rows=5 width=48) (actual time=32.862..32.863 rows=5 loops=473)',),\n",
       " ('        ->  Sort  (cost=65238.04..65363.04 rows=50002 width=48) (actual time=32.859..32.860 rows=5 loops=473)',),\n",
       " ('              Sort Key: ((sb.geom <-> restaurants.geom))',),\n",
       " ('              Sort Method: top-N heapsort  Memory: 25kB',),\n",
       " ('              ->  Seq Scan on restaurants  (cost=0.00..64407.52 rows=50002 width=48) (actual time=0.104..24.209 rows=50002 loops=473)',),\n",
       " ('Planning Time: 0.099 ms',),\n",
       " ('JIT:',),\n",
       " ('  Functions: 6',),\n",
       " ('  Options: Inlining true, Optimization true, Expressions true, Deforming true',),\n",
       " ('  Timing: Generation 0.772 ms, Inlining 14.379 ms, Optimization 71.692 ms, Emission 40.055 ms, Total 126.898 ms',),\n",
       " ('Execution Time: 15684.801 ms',)]"
      ]
     },
     "execution_count": 87,
     "metadata": {},
     "output_type": "execute_result"
    }
   ],
   "source": [
    "%%sql \n",
    "EXPLAIN ANALYZE\n",
    "SELECT \n",
    "sb.ogc_fid as sb_id,\n",
    "sb.name as sb_name,\n",
    "rt.id as rt_id,\n",
    "rt.name as rt_name,\n",
    "ST_Distance(geography(sb.geom), geography(rt.geom)) distance_m\n",
    "FROM nyc_subway_stations sb\n",
    "CROSS JOIN LATERAL\n",
    "(\n",
    "    SELECT \n",
    "        id,\n",
    "        name,\n",
    "        geom\n",
    "    FROM restaurants\n",
    "    ORDER BY sb.geom <-> geom\n",
    "    LIMIT 5\n",
    ") as rt\n"
   ]
  }
 ],
 "metadata": {
  "kernelspec": {
   "display_name": "Python 3.10.6 ('jbook')",
   "language": "python",
   "name": "python3"
  },
  "language_info": {
   "codemirror_mode": {
    "name": "ipython",
    "version": 3
   },
   "file_extension": ".py",
   "mimetype": "text/x-python",
   "name": "python",
   "nbconvert_exporter": "python",
   "pygments_lexer": "ipython3",
   "version": "3.10.6"
  },
  "orig_nbformat": 4,
  "vscode": {
   "interpreter": {
    "hash": "eef4f27a5be225ed08e99e013630872b02c46cbf07c6e08b0a21ece4a1377e37"
   }
  }
 },
 "nbformat": 4,
 "nbformat_minor": 2
}
